[2018-12-13 22:38:16.823]  [DEBUG]  server  收到客户端的请求数量  [ext] "/last_sign","POST",1
[2018-12-13 22:38:16.832]  [INFO]  获取最后一次签到时间的访问者ip  [ext] "::1"
[2018-12-13 22:38:16.841]  [DEBUG] last_sign  data  [ext] {
    "token": "eyJhbGciOiJIUzI1NiIsInR5cCI6IkpXVCJ9.eyJ1c2VyX2lkIjoxLCJ1c2VybmFtZSI6IjY2NiIsImlhdCI6MTU0NDcxMTAzMSwiZXhwIjoxNTQ0NzExOTMxfQ.zHjoLNkp1afK0fGg1IMdWzYzNuVcg0VcREFde3RtCfA"
}
[2018-12-13 22:38:17.916]  [INFO] last_sign  resultArray.length  [ext] 19
[2018-12-13 22:38:18.929]  [DEBUG] last_sign  whereStr  result  [ext] [
    {
        "_id": "5bed700a38210d1f10b73441",
        "username": "666",
        "password": "zsjkl320723",
        "date": [
            "2018_12_8",
            "2018_12_9",
            "2018_12_12",
            "2018_12_13"
        ]
    }
]
[2018-12-13 22:38:34.391]  [DEBUG]  server  收到客户端的请求数量  [ext] "/username_verify","POST",2
[2018-12-13 22:38:34.405]  [INFO]  验证用户名的访问者ip  [ext] "::1"
[2018-12-13 22:38:34.408]  [DEBUG] username_verify  data  [ext] {
    "username": "666"
}
[2018-12-13 22:38:35.423]  [DEBUG] username_verify  result  [ext] [
    {
        "_id": "5bed700a38210d1f10b73441",
        "username": "666",
        "password": "zsjkl320723",
        "date": [
            "2018_12_8",
            "2018_12_9",
            "2018_12_12",
            "2018_12_13"
        ]
    }
]
[2018-12-13 22:38:35.427]  [DEBUG] username_verify  用户名已存在
[2018-12-13 22:38:36.216]  [DEBUG]  server  收到客户端的请求数量  [ext] "/username_verify","POST",3
[2018-12-13 22:38:36.219]  [INFO]  验证用户名的访问者ip  [ext] "::1"
[2018-12-13 22:38:36.223]  [DEBUG] username_verify  data  [ext] {
    "username": "6666"
}
[2018-12-13 22:38:37.235]  [DEBUG] username_verify  result  [ext] []
[2018-12-13 22:38:37.242]  [WARN] username_verify  用户名不存在！
[2018-12-13 22:39:57.567]  [DEBUG]  server  收到客户端的请求数量  [ext] "/username_verify","POST",1
[2018-12-13 22:39:57.576]  [INFO]  验证用户名的访问者ip  [ext] "::1"
[2018-12-13 22:39:57.582]  [DEBUG] username_verify  data  [ext] {
    "username": "6666"
}
[2018-12-13 22:39:58.649]  [DEBUG] username_verify  result  [ext] []
[2018-12-13 22:39:58.652]  [WARN] username_verify  用户名不存在！
[2018-12-13 22:40:00.245]  [DEBUG]  server  收到客户端的请求数量  [ext] "/username_verify","POST",2
[2018-12-13 22:40:00.261]  [INFO]  验证用户名的访问者ip  [ext] "::1"
[2018-12-13 22:40:00.267]  [DEBUG] username_verify  data  [ext] {
    "username": "6666"
}
[2018-12-13 22:40:01.273]  [DEBUG] username_verify  result  [ext] []
[2018-12-13 22:40:01.277]  [WARN] username_verify  用户名不存在！
[2018-12-13 22:40:07.770]  [DEBUG]  server  收到客户端的请求数量  [ext] "/login_verify","POST",3
[2018-12-13 22:40:07.794]  [INFO]  验证登陆的访问者ip  [ext] "::1"
[2018-12-13 22:40:07.805]  [DEBUG] login_verify  data  [ext] {
    "username": "666",
    "pwd": "zsjkl320723"
}
[2018-12-13 22:40:08.823]  [DEBUG] login_verify  result  [ext] [
    {
        "_id": "5bed700a38210d1f10b73441",
        "username": "666",
        "password": "zsjkl320723",
        "date": [
            "2018_12_8",
            "2018_12_9",
            "2018_12_12",
            "2018_12_13"
        ]
    }
]
[2018-12-13 22:40:08.832]  [DEBUG] login_verify  db_password  [ext] "zsjkl320723"
[2018-12-13 22:40:08.844]  [INFO] login_verify  验证通过！
[2018-12-13 22:40:081.81]  [DEBUG]  server  收到客户端的请求数量  [ext] "/username_verify","POST",4
[2018-12-13 22:40:084.84]  [INFO]  验证用户名的访问者ip  [ext] "::1"
[2018-12-13 22:40:088.88]  [DEBUG] username_verify  data  [ext] {
    "username": "666"
}
[2018-12-13 22:40:09.477]  [DEBUG]  server  收到客户端的请求数量  [ext] "/last_sign","POST",5
[2018-12-13 22:40:09.481]  [INFO]  获取最后一次签到时间的访问者ip  [ext] "::1"
[2018-12-13 22:40:09.490]  [DEBUG] last_sign  data  [ext] {
    "token": "eyJhbGciOiJIUzI1NiIsInR5cCI6IkpXVCJ9.eyJ1c2VyX2lkIjoxLCJ1c2VybmFtZSI6IjY2NiIsImlhdCI6MTU0NDcxMjAwOCwiZXhwIjoxNTQ0NzEyOTA4fQ.-BYdB-QG4m9MEjOTA3GWkEay2YUz2VHJq8ZFSCJqpWY"
}
[2018-12-13 22:40:10.106]  [DEBUG] username_verify  result  [ext] [
    {
        "_id": "5bed700a38210d1f10b73441",
        "username": "666",
        "password": "zsjkl320723",
        "date": [
            "2018_12_8",
            "2018_12_9",
            "2018_12_12",
            "2018_12_13"
        ]
    }
]
[2018-12-13 22:40:10.112]  [DEBUG] username_verify  用户名已存在
[2018-12-13 22:40:10.517]  [INFO] last_sign  resultArray.length  [ext] 19
[2018-12-13 22:40:11.527]  [DEBUG] last_sign  whereStr  result  [ext] [
    {
        "_id": "5bed700a38210d1f10b73441",
        "username": "666",
        "password": "zsjkl320723",
        "date": [
            "2018_12_8",
            "2018_12_9",
            "2018_12_12",
            "2018_12_13"
        ]
    }
]
[2018-12-13 22:41:33.760]  [DEBUG]  server  收到客户端的请求数量  [ext] "/last_sign","POST",6
[2018-12-13 22:41:33.777]  [INFO]  获取最后一次签到时间的访问者ip  [ext] "::1"
[2018-12-13 22:41:33.782]  [DEBUG] last_sign  data  [ext] {
    "token": "eyJhbGciOiJIUzI1NiIsInR5cCI6IkpXVCJ9.eyJ1c2VyX2lkIjoxLCJ1c2VybmFtZSI6IjY2NiIsImlhdCI6MTU0NDcxMjAwOCwiZXhwIjoxNTQ0NzEyOTA4fQ.-BYdB-QG4m9MEjOTA3GWkEay2YUz2VHJq8ZFSCJqpWY"
}
[2018-12-13 22:41:34.806]  [INFO] last_sign  resultArray.length  [ext] 19
[2018-12-13 22:41:35.832]  [DEBUG] last_sign  whereStr  result  [ext] [
    {
        "_id": "5bed700a38210d1f10b73441",
        "username": "666",
        "password": "zsjkl320723",
        "date": [
            "2018_12_8",
            "2018_12_9",
            "2018_12_12",
            "2018_12_13"
        ]
    }
]
[2018-12-13 22:43:42.911]  [DEBUG]  server  收到客户端的请求数量  [ext] "/last_sign","POST",1
[2018-12-13 22:43:42.924]  [INFO]  获取最后一次签到时间的访问者ip  [ext] "::1"
[2018-12-13 22:43:42.934]  [DEBUG] last_sign  data  [ext] {
    "token": "eyJhbGciOiJIUzI1NiIsInR5cCI6IkpXVCJ9.eyJ1c2VyX2lkIjoxLCJ1c2VybmFtZSI6IjY2NiIsImlhdCI6MTU0NDcxMjAwOCwiZXhwIjoxNTQ0NzEyOTA4fQ.-BYdB-QG4m9MEjOTA3GWkEay2YUz2VHJq8ZFSCJqpWY"
}
[2018-12-13 22:43:014.14]  [INFO] last_sign  resultArray.length  [ext] 19
[2018-12-13 22:43:029.29]  [DEBUG] last_sign  whereStr  result  [ext] [
    {
        "_id": "5bed700a38210d1f10b73441",
        "username": "666",
        "password": "zsjkl320723",
        "date": [
            "2018_12_8",
            "2018_12_9",
            "2018_12_12",
            "2018_12_13"
        ]
    }
]
[2018-12-13 23:24:51.644]  [DEBUG]  server  收到客户端的请求数量  [ext] "/last_sign","POST",2
[2018-12-13 23:24:51.654]  [INFO]  获取最后一次签到时间的访问者ip  [ext] "::1"
[2018-12-13 23:24:51.658]  [DEBUG] last_sign  data  [ext] {
    "token": "eyJhbGciOiJIUzI1NiIsInR5cCI6IkpXVCJ9.eyJ1c2VyX2lkIjoxLCJ1c2VybmFtZSI6IjY2NiIsImlhdCI6MTU0NDcxMjAwOCwiZXhwIjoxNTQ0NzEyOTA4fQ.-BYdB-QG4m9MEjOTA3GWkEay2YUz2VHJq8ZFSCJqpWY"
}
[2018-12-13 23:24:51.663]  [ERROR] err  [ext] {
    "name": "TokenExpiredError",
    "message": "jwt expired",
    "expiredAt": "2018-12-13T14:55:08.000Z"
}
[2018-12-13 23:24:51.670]  [INFO]  获取最后一次签到时间的访问者ip  [ext] "::1"
[2018-12-13 23:24:51.674]  [WARN] last_sign  身份已过期,请重新登录  [ext] 
